<?xml version="1.0" encoding="UTF-8"?>
<!-- Generated by org.testng.reporters.JUnitReportReporter -->
<testsuite hostname="DESKTOP-SDFVAD6" failures="0" tests="2" name="com.Qacart.Todo.testcases.ToDoTest" time="4.194" errors="0" timestamp="2022-10-29T12:32:20 EET" skipped="1">
  <testcase classname="com.Qacart.Todo.testcases.ToDoTest" name="shouldBeAbleToDelete" time="4.194"/>
  <system-out/>
  <testcase classname="com.Qacart.Todo.testcases.ToDoTest" name="shouldBeAbleToAddToDo">
    <skipped/>
  </testcase> <!-- shouldBeAbleToAddToDo -->
  <system-out/>
</testsuite> <!-- com.Qacart.Todo.testcases.ToDoTest -->
