<?xml version="1.0" encoding="UTF-8"?>
<!-- Generated by org.testng.reporters.JUnitReportReporter -->
<testsuite hostname="DESKTOP-SDFVAD6" failures="0" tests="1" name="com.Qacart.Todo.testcases.LoginTest" time="5.331" errors="0" timestamp="2022-10-29T12:32:20 EET" skipped="0">
  <testcase classname="com.Qacart.Todo.testcases.LoginTest" name="shouldbeabletologinwithemailandpassword" time="5.331"/>
  <system-out/>
</testsuite> <!-- com.Qacart.Todo.testcases.LoginTest -->
